2025-04-28 11:26:39,992 INFO User 174171680 start
2025-04-28 11:26:45,022 INFO User 174171680 action: photo_menu
2025-04-28 11:26:46,729 INFO User 174171680 action: photo_enhance
2025-04-28 11:27:06,005 INFO User 174171680 start
2025-04-28 11:27:20,351 INFO User 174171680 action: business_menu
2025-04-28 11:27:22,123 INFO User 174171680 action: business_text
2025-04-28 11:27:49,305 INFO User 174171680 sent text file: tmp8q5wm9ul.txt
2025-04-28 11:30:25,260 INFO User 174171680 action: business_menu
2025-04-28 11:31:20,501 INFO User 174171680 action: main_menu
2025-04-28 11:31:24,428 INFO User 174171680 action: business_menu
2025-04-28 11:31:33,225 INFO User 174171680 action: business_text
2025-04-28 11:33:11,348 INFO User 174171680 sent text file: tmp8q5wm9ul.txt
2025-04-28 11:39:07,012 INFO User 174171680 action: help_menu
2025-04-28 11:39:09,785 INFO User 174171680 action: help_menu
2025-04-28 11:39:19,224 INFO User 174171680 action: business_menu
2025-04-28 11:39:21,605 INFO User 174171680 action: main_menu
2025-04-28 11:39:22,638 INFO User 174171680 action: photo_menu
2025-04-28 11:39:24,509 INFO User 174171680 action: main_menu
2025-04-28 11:39:41,940 INFO User 174171680 action: business_menu
2025-04-28 11:39:43,782 INFO User 174171680 action: business_text
2025-04-28 11:40:34,778 INFO User 174171680 sent text file: tmp8q5wm9ul.txt
2025-04-28 11:40:38,261 INFO User 174171680 action: format_mom
2025-04-28 11:40:38,405 INFO User 174171680 выбрал MoM
2025-04-28 11:50:15,889 INFO User 174171680 start
2025-04-28 11:50:18,308 INFO User 174171680 action: business_menu
2025-04-28 11:50:20,607 INFO User 174171680 action: business_text
2025-04-28 11:50:26,747 INFO User 174171680 action: business_menu
2025-04-28 11:50:28,069 INFO User 174171680 action: business_text
2025-04-28 11:56:56,533 INFO User 174171680 start
2025-04-28 11:57:02,465 INFO User 174171680 action: business_menu
2025-04-28 11:57:03,748 INFO User 174171680 action: business_text
2025-04-28 11:58:24,225 INFO User 174171680 action: business_menu
2025-04-28 11:58:26,351 INFO User 174171680 action: business_text
2025-04-28 11:58:36,272 INFO User 174171680 action: business_menu
2025-04-28 11:58:42,336 INFO User 174171680 action: business_audio
2025-04-28 11:58:46,007 INFO User 174171680 action: business_menu
2025-04-28 11:58:48,178 INFO User 174171680 action: main_menu
2025-04-28 11:58:52,203 INFO User 174171680 action: business_menu
2025-04-28 11:59:33,719 INFO User 174171680 action: business_text
2025-04-28 11:59:37,032 INFO User 174171680 action: business_menu
2025-04-28 11:59:40,031 INFO User 174171680 action: business_audio
2025-04-28 11:59:43,150 INFO User 174171680 action: business_menu
2025-04-28 12:00:01,263 INFO User 174171680 action: main_menu
2025-04-28 12:00:04,725 INFO User 174171680 action: photo_menu
2025-04-28 12:00:09,174 INFO User 174171680 action: ai_menu
2025-04-28 12:00:18,404 INFO User 174171680 action: ai_avatar
2025-04-28 12:00:21,659 INFO User 174171680 action: ai_avatar_create
2025-04-28 12:00:35,913 INFO User 174171680 start
2025-04-28 12:00:59,907 INFO User 174171680 action: business_menu
2025-04-28 12:01:09,750 INFO User 174171680 action: main_menu
2025-04-28 12:01:12,126 INFO User 174171680 action: business_menu
2025-04-28 12:01:14,055 INFO User 174171680 action: business_audio
2025-04-28 12:01:18,294 INFO User 174171680 action: business_menu
2025-04-28 12:01:19,536 INFO User 174171680 action: business_text
2025-04-28 12:01:26,949 INFO User 174171680 action: business_menu
2025-04-28 12:01:30,558 INFO User 174171680 action: business_text
2025-04-28 12:03:10,982 INFO User 174171680 action: business_menu
2025-04-28 12:03:11,712 INFO User 174171680 start
2025-04-28 12:03:11,713 INFO User 174171680 action: business_menu
2025-04-28 12:03:11,714 INFO User 174171680 action: business_menu
2025-04-28 12:03:11,715 INFO User 174171680 action: business_menu
2025-04-28 12:03:11,717 INFO User 174171680 action: business_menu
2025-04-28 12:03:11,718 INFO User 174171680 action: business_menu
2025-04-28 12:03:11,719 INFO User 174171680 action: business_menu
2025-04-28 12:03:11,721 INFO User 174171680 action: business_menu
2025-04-28 12:03:11,722 INFO User 174171680 action: business_menu
2025-04-28 12:03:11,723 INFO User 174171680 action: business_menu
2025-04-28 12:07:25,681 INFO User 174171680 start
2025-04-28 12:07:28,220 INFO User 174171680 action: business_menu
2025-04-28 12:07:30,144 INFO User 174171680 action: business_text
2025-04-28 12:07:31,883 INFO User 174171680 action: business_menu
2025-04-28 12:07:32,982 INFO User 174171680 action: business_text
2025-04-28 12:22:54,560 INFO User 174171680 start
2025-04-28 12:22:56,396 INFO User 174171680 action: business_menu
2025-04-28 12:22:58,127 INFO User 174171680 action: business_text
2025-04-28 12:23:08,937 INFO User 174171680 action: business_menu
2025-04-28 12:23:14,469 INFO User 174171680 action: main_menu
2025-04-28 12:23:19,915 INFO User 174171680 action: photo_menu
2025-04-28 12:23:21,260 INFO User 174171680 action: main_menu
2025-04-28 12:23:22,337 INFO User 174171680 action: business_menu
2025-04-28 12:23:27,571 INFO User 174171680 action: main_menu
2025-04-28 12:23:29,098 INFO User 174171680 action: photo_menu
2025-04-28 12:23:30,739 INFO User 174171680 action: photo_enhance
2025-04-28 12:23:32,521 INFO User 174171680 action: main_menu
2025-04-28 12:23:34,098 INFO User 174171680 action: photo_menu
2025-04-28 12:23:35,206 INFO User 174171680 action: main_menu
2025-04-28 12:23:36,997 INFO User 174171680 action: help_menu
2025-04-28 12:23:39,887 INFO User 174171680 action: business_menu
2025-04-28 12:23:41,806 INFO User 174171680 action: main_menu
2025-04-28 12:23:43,344 INFO User 174171680 action: help_menu
2025-04-28 12:23:44,595 INFO User 174171680 action: photo_menu
2025-04-28 12:23:46,789 INFO User 174171680 action: main_menu
2025-04-28 12:23:48,064 INFO User 174171680 action: business_menu
2025-04-28 12:23:49,928 INFO User 174171680 action: business_text
2025-04-28 12:23:56,024 INFO User 174171680 action: photo_menu
2025-04-28 12:23:58,278 INFO User 174171680 action: main_menu
2025-04-28 12:26:37,484 INFO User 174171680 action: business_menu
2025-04-28 12:26:39,416 INFO User 174171680 action: business_audio
2025-04-28 12:26:41,470 INFO User 174171680 action: main_menu
2025-04-28 12:26:44,740 INFO User 174171680 action: business_text
2025-04-28 12:26:46,607 INFO User 174171680 action: business_menu
2025-04-28 12:26:49,012 INFO User 174171680 action: business_text
2025-04-28 12:28:41,080 INFO User 174171680 action: business_menu
2025-04-28 12:28:44,292 INFO User 174171680 action: business_audio
2025-04-28 12:29:03,981 INFO User 174171680 start
2025-04-28 12:29:06,604 INFO User 174171680 action: business_menu
2025-04-28 12:29:10,094 INFO User 174171680 action: business_audio
2025-04-28 12:29:11,913 INFO User 174171680 action: business_menu
2025-04-28 12:29:13,916 INFO User 174171680 action: business_text
2025-04-28 12:29:18,239 INFO User 174171680 action: business_menu
2025-04-28 12:29:20,494 INFO User 174171680 action: business_text
2025-04-28 12:29:21,836 INFO User 174171680 action: business_menu
2025-04-28 12:29:25,246 INFO User 174171680 action: main_menu
2025-04-28 12:29:28,207 INFO User 174171680 action: business_menu
2025-04-28 12:29:30,625 INFO User 174171680 action: main_menu
2025-04-28 12:29:32,262 INFO User 174171680 action: photo_menu
2025-04-28 12:29:34,855 INFO User 174171680 action: main_menu
2025-04-28 12:33:46,526 INFO User 174171680 action: business_menu
2025-04-28 12:33:46,882 INFO show_or_edit_menu: 0.355 сек
2025-04-28 12:33:48,288 INFO User 174171680 action: business_text
2025-04-28 12:33:48,587 INFO show_or_edit_menu: 0.299 сек
2025-04-28 12:33:49,439 INFO User 174171680 action: business_menu
2025-04-28 12:33:49,546 INFO show_or_edit_menu: 0.107 сек
2025-04-28 12:33:50,245 INFO User 174171680 action: business_audio
2025-04-28 12:33:50,476 INFO show_or_edit_menu: 0.231 сек
2025-04-28 12:33:51,021 INFO User 174171680 action: business_menu
2025-04-28 12:33:51,152 INFO show_or_edit_menu: 0.130 сек
2025-04-28 12:33:52,249 INFO User 174171680 action: main_menu
2025-04-28 12:33:52,369 INFO show_or_edit_menu: 0.119 сек
2025-04-28 12:33:53,097 INFO User 174171680 action: business_menu
2025-04-28 12:33:53,227 INFO show_or_edit_menu: 0.129 сек
2025-04-28 12:33:54,180 INFO User 174171680 action: main_menu
2025-04-28 12:33:54,415 INFO show_or_edit_menu: 0.234 сек
2025-04-28 12:33:55,287 INFO User 174171680 action: business_menu
2025-04-28 12:33:55,410 INFO show_or_edit_menu: 0.121 сек
2025-04-28 12:33:56,489 INFO User 174171680 action: business_text
2025-04-28 12:33:56,760 INFO show_or_edit_menu: 0.269 сек
2025-04-28 12:37:27,974 INFO User 174171680 action: business_menu
2025-04-28 12:37:28,449 INFO show_or_edit_menu: 0.474 сек
2025-04-28 12:37:29,365 INFO User 174171680 action: business_audio
2025-04-28 12:37:29,706 INFO show_or_edit_menu: 0.341 сек
2025-04-28 12:40:31,543 INFO User 174171680 action: business_menu
2025-04-28 12:40:31,945 INFO show_or_edit_menu: 0.402 сек
2025-04-28 12:40:32,659 INFO User 174171680 action: business_menu
2025-04-28 12:40:33,106 INFO show_or_edit_menu: 0.258 сек
2025-04-28 12:40:39,860 INFO User 174171680 action: business_audio
2025-04-28 12:40:40,075 INFO show_or_edit_menu: 0.215 сек
2025-04-28 12:41:22,469 INFO User 174171680 action: business_menu
2025-04-28 12:41:22,967 INFO show_or_edit_menu: 0.497 сек
2025-04-28 12:41:30,539 INFO User 174171680 action: business_audio
2025-04-28 12:41:30,892 INFO show_or_edit_menu: 0.353 сек
2025-04-28 12:41:33,573 INFO User 174171680 action: business_menu
2025-04-28 12:41:33,682 INFO show_or_edit_menu: 0.108 сек
2025-04-28 12:41:37,365 INFO User 174171680 action: main_menu
2025-04-28 12:41:37,500 INFO show_or_edit_menu: 0.134 сек
2025-04-28 12:41:41,358 INFO User 174171680 action: photo_menu
2025-04-28 12:41:41,620 INFO show_or_edit_menu: 0.261 сек
2025-04-28 12:41:47,059 INFO User 174171680 action: main_menu
2025-04-28 12:41:47,176 INFO show_or_edit_menu: 0.117 сек
2025-04-28 12:41:49,479 INFO User 174171680 action: business_menu
2025-04-28 12:41:49,584 INFO show_or_edit_menu: 0.104 сек
2025-04-28 12:43:13,672 INFO User 174171680 action: main_menu
2025-04-28 12:43:14,259 INFO show_or_edit_menu: 0.587 сек
2025-04-28 12:43:17,099 INFO User 174171680 action: business_menu
2025-04-28 12:43:17,305 INFO show_or_edit_menu: 0.205 сек
2025-04-28 12:43:21,016 INFO User 174171680 action: main_menu
2025-04-28 12:43:21,168 INFO show_or_edit_menu: 0.151 сек
2025-04-28 12:56:14,076 INFO User 174171680 action: business_menu
2025-04-28 12:56:14,422 INFO show_or_edit_menu: 0.344 сек
2025-04-28 12:56:18,190 INFO User 174171680 action: business_menu
2025-04-28 12:56:18,505 INFO show_or_edit_menu: 0.220 сек
2025-04-28 12:56:24,389 INFO User 174171680 action: business_text
2025-04-28 12:56:24,646 INFO show_or_edit_menu: 0.256 сек
2025-04-28 12:56:27,233 INFO User 174171680 action: business_menu
2025-04-28 12:56:27,460 INFO show_or_edit_menu: 0.226 сек
2025-04-28 12:56:29,918 INFO User 174171680 action: business_audio
2025-04-28 12:56:30,167 INFO show_or_edit_menu: 0.248 сек
2025-04-28 12:57:24,945 INFO User 174171680 action: business_menu
2025-04-28 12:57:26,442 INFO show_or_edit_menu: 1.199 сек
2025-04-28 12:59:17,288 INFO User 174171680 action: business_audio
2025-04-28 12:59:17,969 INFO show_or_edit_menu: 0.681 сек
2025-04-28 12:59:49,563 INFO User 174171680 action: business_menu
2025-04-28 12:59:49,892 INFO show_or_edit_menu: 0.329 сек
2025-04-28 12:59:51,950 INFO User 174171680 action: business_audio
2025-04-28 12:59:52,243 INFO show_or_edit_menu: 0.292 сек
2025-04-28 13:00:50,482 INFO User 174171680 action: business_menu
2025-04-28 13:00:50,811 INFO show_or_edit_menu: 0.328 сек
2025-04-28 13:00:54,632 INFO User 174171680 action: business_audio
2025-04-28 13:00:54,874 INFO show_or_edit_menu: 0.241 сек
2025-04-28 13:01:58,327 INFO User 174171680 action: business_menu
2025-04-28 13:01:58,718 INFO show_or_edit_menu: 0.389 сек
2025-04-28 13:02:00,799 INFO User 174171680 action: business_audio
2025-04-28 13:02:01,005 INFO show_or_edit_menu: 0.205 сек
2025-04-28 13:03:45,901 INFO User 174171680 action: business_menu
2025-04-28 13:03:46,294 INFO show_or_edit_menu: 0.392 сек
2025-04-28 13:03:47,819 INFO User 174171680 action: business_audio
2025-04-28 13:03:48,080 INFO show_or_edit_menu: 0.260 сек
2025-04-28 13:08:04,053 INFO User 174171680 action: business_menu
2025-04-28 13:08:04,365 INFO show_or_edit_menu: 0.311 сек
2025-04-28 13:08:05,944 INFO User 174171680 action: business_audio
2025-04-28 13:08:06,224 INFO show_or_edit_menu: 0.280 сек
2025-04-28 13:09:17,116 INFO User 174171680 action: business_menu
2025-04-28 13:09:17,545 INFO show_or_edit_menu: 0.427 сек
2025-04-28 13:09:20,474 INFO User 174171680 action: business_audio
2025-04-28 13:09:20,673 INFO show_or_edit_menu: 0.198 сек
2025-04-28 13:10:02,366 INFO DEBUG: Получено сообщение: user_id=174171680, content_type=text
2025-04-28 13:10:02,367 INFO DEBUG: message.__dict__ = {'content_type': 'text', 'id': 1544, 'message_id': 1544, 'from_user': <telebot.types.User object at 0x000001C9B99B7F20>, 'date': 1745827808, 'chat': <telebot.types.Chat object at 0x000001C9B9A225D0>, 'sender_chat': None, 'is_automatic_forward': None, 'reply_to_message': None, 'via_bot': None, 'edit_date': None, 'has_protected_content': None, 'media_group_id': None, 'author_signature': None, 'text': 'Привет', 'entities': None, 'caption_entities': None, 'audio': None, 'document': None, 'photo': None, 'sticker': None, 'video': None, 'video_note': None, 'voice': None, 'caption': None, 'contact': None, 'location': None, 'venue': None, 'animation': None, 'dice': None, 'new_chat_members': None, 'left_chat_member': None, 'new_chat_title': None, 'new_chat_photo': None, 'delete_chat_photo': None, 'group_chat_created': None, 'supergroup_chat_created': None, 'channel_chat_created': None, 'migrate_to_chat_id': None, 'migrate_from_chat_id': None, 'pinned_message': None, 'invoice': None, 'successful_payment': None, 'connected_website': None, 'reply_markup': None, 'message_thread_id': None, 'is_topic_message': None, 'chat_background_set': None, 'forum_topic_created': None, 'forum_topic_closed': None, 'forum_topic_reopened': None, 'has_media_spoiler': None, 'forum_topic_edited': None, 'general_forum_topic_hidden': None, 'general_forum_topic_unhidden': None, 'write_access_allowed': None, 'users_shared': None, 'chat_shared': None, 'story': None, 'external_reply': None, 'quote': None, 'link_preview_options': None, 'giveaway_created': None, 'giveaway': None, 'giveaway_winners': None, 'giveaway_completed': None, 'forward_origin': None, 'boost_added': None, 'sender_boost_count': None, 'reply_to_story': None, 'sender_business_bot': None, 'business_connection_id': None, 'is_from_offline': None, 'effect_id': None, 'show_caption_above_media': None, 'paid_media': None, 'refunded_payment': None, 'proximity_alert_triggered': None, 'video_chat_scheduled': None, 'video_chat_started': None, 'video_chat_ended': None, 'video_chat_participants_invited': None, 'web_app_data': None, 'message_auto_delete_timer_changed': None, 'json': {'message_id': 1544, 'from': {'id': 174171680, 'is_bot': False, 'first_name': 'Sergey', 'last_name': 'Shmagin', 'language_code': 'ru', 'is_premium': True}, 'chat': {'id': 174171680, 'first_name': 'Sergey', 'last_name': 'Shmagin', 'type': 'private'}, 'date': 1745827808, 'text': 'Привет'}}
2025-04-28 13:10:57,486 INFO User 174171680 action: business_menu
2025-04-28 13:10:58,115 INFO show_or_edit_menu: 0.629 сек
2025-04-28 13:10:59,791 INFO User 174171680 action: business_audio
2025-04-28 13:10:59,997 INFO show_or_edit_menu: 0.205 сек
2025-04-28 13:12:53,057 INFO User 174171680 action: business_menu
2025-04-28 13:12:53,481 INFO show_or_edit_menu: 0.422 сек
2025-04-28 13:12:56,616 INFO User 174171680 action: business_audio
2025-04-28 13:12:56,836 INFO show_or_edit_menu: 0.219 сек
2025-04-28 13:13:04,605 INFO handle_any_file: user_id=174171680, state=wait_audio, content_type=voice
2025-04-28 13:13:04,606 INFO User 174171680 sent file: type=voice, file_id=AwACAgIAAxkBAAIGAmgPNtF_UP-v_9LG_DV7-9m5jObvAAJwdAAC3pB4SBESWwXm2OfSNgQ, file_name=None
2025-04-28 13:15:52,369 INFO User 174171680 action: business_menu
2025-04-28 13:15:52,716 INFO show_or_edit_menu: 0.346 сек
2025-04-28 13:15:55,309 INFO User 174171680 action: business_audio
2025-04-28 13:15:55,756 INFO show_or_edit_menu: 0.446 сек
2025-04-28 13:16:01,853 INFO handle_any_file: user_id=174171680, state=wait_audio, content_type=voice
2025-04-28 13:16:57,761 INFO handle_any_file: user_id=174171680, state=None, content_type=voice
2025-04-28 13:17:01,806 INFO User 174171680 action: business_menu
2025-04-28 13:17:02,142 INFO show_or_edit_menu: 0.335 сек
2025-04-28 13:17:04,530 INFO User 174171680 action: business_audio
2025-04-28 13:17:04,737 INFO show_or_edit_menu: 0.206 сек
2025-04-28 13:17:12,596 INFO handle_any_file: user_id=174171680, state=wait_audio, content_type=voice
