2025-04-28 11:26:34,700 INFO Пользователь 174171680 выбрал режим: transcribe_txt
2025-04-28 11:50:35,081 INFO Получен документ от 174171680: tmp8q5wm9ul.txt
2025-04-28 11:50:35,377 INFO Сохраняю файл по пути: storage\transcripts\174171680\transcript_1272f625-58a4-4e2f-822a-3a665d50a4f9.txt
2025-04-28 11:50:35,379 INFO Файл успешно обработан, отправляю сообщение пользователю
2025-04-28 11:58:13,372 INFO Получен документ от 174171680: tmp8q5wm9ul.txt
2025-04-28 11:58:13,375 INFO State не совпадает, обработка прекращена
2025-04-28 11:58:31,042 INFO Получен документ от 174171680: tmp8q5wm9ul.txt
2025-04-28 11:58:31,049 INFO State не совпадает, обработка прекращена
2025-04-28 11:59:02,347 INFO Получен документ от 174171680: tmp8q5wm9ul.txt
2025-04-28 11:59:02,349 INFO State не совпадает, обработка прекращена
2025-04-28 12:07:39,531 INFO Получен документ от 174171680: tmp8q5wm9ul.txt
2025-04-28 12:07:39,532 INFO State не совпадает, обработка прекращена
2025-04-28 12:23:05,011 INFO Получен документ от 174171680: tmp8q5wm9ul.txt
2025-04-28 12:23:05,013 INFO State не совпадает, обработка прекращена
2025-04-28 13:10:43,654 INFO Получен документ от 174171680: image_2025-04-24_14-12-21.png
2025-04-28 13:10:43,654 INFO State не совпадает, обработка прекращена
2025-04-28 13:11:10,534 INFO Получен документ от 174171680: image_2025-04-24_14-12-21.png
2025-04-28 13:11:10,535 INFO State не совпадает, обработка прекращена
2025-04-28 13:17:25,081 INFO User 174171680 requested to repeat audio upload.
2025-04-28 15:17:42,155 INFO History entry added for user 174171680: {'file': 'transcript_2025-04-28_15-17.txt', 'type': 'audio', 'result': 'transcript', 'date': '2025-04-28 15:17'}
2025-04-28 15:21:49,704 INFO History entry added for user 174171680: {'file': 'transcript_2025-04-28_15-21.txt', 'type': 'audio', 'result': 'transcript', 'date': '2025-04-28 15:21'}
2025-04-28 15:22:29,259 INFO Получен документ от 174171680: transcript_2025-04-28_15-21.txt
2025-04-28 15:22:29,586 INFO Сохраняю файл по пути: storage\transcripts\174171680\transcript_523ba6c6-95ab-4ed9-8a3d-8962f3cfae6c.txt
2025-04-28 15:22:29,589 INFO Файл успешно обработан, отправляю сообщение пользователю
2025-04-28 16:15:08,479 INFO Получен документ от 174171680: transcript_2025-04-28_15-21.txt
2025-04-28 16:15:08,829 INFO Сохраняю файл по пути: storage\transcripts\174171680\transcript_e2843e58-bc54-4c61-9595-35af142c5f02.txt
2025-04-28 16:15:08,837 INFO Файл успешно обработан, отправляю сообщение пользователю
2025-05-08 16:20:01,447 INFO History entry added for user 174171680: {'file': 'transcript_2025-05-08_16-20.txt', 'type': 'audio', 'result': 'transcript', 'date': '2025-05-08 16:20'}
2025-05-08 16:27:37,118 INFO History entry added for user 174171680: {'file': 'transcript_2025-05-08_16-27.txt', 'type': 'audio', 'result': 'transcript', 'date': '2025-05-08 16:27'}
2025-05-08 16:29:19,674 INFO Получен документ от 174171680: transcript_2025-05-08_16-27.txt
2025-05-08 16:29:19,953 INFO Сохраняю файл по пути: storage\transcripts\174171680\transcript_cda23674-2cae-4061-afe8-0485a49e4ee8.txt
2025-05-08 16:29:19,955 INFO Файл успешно обработан, отправляю сообщение пользователю
2025-05-08 17:02:58,680 ERROR Ошибка при расшифровке: add_history_entry() takes 4 positional arguments but 5 were given
Traceback (most recent call last):
  File "D:\Dev\work\Aisha_bot_new\frontend_bot\handlers\transcribe.py", line 213, in transcribe_audio
    await add_history_entry(
          ~~~~~~~~~~~~~~~~~^
        str(user_id), transcript_path, "audio", "transcript", HISTORY_FILE
        ^^^^^^^^^^^^^^^^^^^^^^^^^^^^^^^^^^^^^^^^^^^^^^^^^^^^^^^^^^^^^^^^^^
    )
    ^
TypeError: add_history_entry() takes 4 positional arguments but 5 were given
2025-05-08 17:03:10,757 INFO User 174171680 requested to repeat audio upload.
2025-05-08 17:03:14,612 INFO User 174171680 returned to main menu.
2025-05-08 17:03:28,241 INFO Получен документ от 174171680: transcript_2025-05-08_17-02.txt
2025-05-08 17:03:28,432 INFO Сохраняю файл по пути: storage\transcripts\174171680\transcript_f49d7aa6-fa51-46c2-8362-f9daa291de8f.txt
2025-05-08 17:03:28,436 INFO Файл успешно обработан, отправляю сообщение пользователю
2025-05-08 17:10:33,590 INFO Получен документ от 174171680: transcript_2025-05-08_17-02.txt
2025-05-08 17:10:33,763 INFO Сохраняю файл по пути: storage\transcripts\174171680\transcript_cdb004d0-ea5d-4420-a812-3d8cc1bd2c35.txt
2025-05-08 17:10:33,765 INFO Файл успешно обработан, отправляю сообщение пользователю
2025-05-08 17:11:29,708 INFO User 174171680 returned to main menu.
2025-05-08 17:11:55,306 INFO Получен документ от 174171680: transcript_2025-05-08_17-02.txt
2025-05-08 17:11:55,487 INFO Сохраняю файл по пути: storage\transcripts\174171680\transcript_c14f895b-8ad3-4b25-9fdd-72ec2a8cb7e4.txt
2025-05-08 17:11:55,489 INFO Файл успешно обработан, отправляю сообщение пользователю
2025-05-08 17:11:58,205 ERROR Ошибка при формировании протокола
Traceback (most recent call last):
  File "D:\Dev\work\Aisha_bot_new\frontend_bot\handlers\transcribe.py", line 662, in send_meeting_protocol
    await bot.send_chat_action(message.chat.id, "typing")
                                      ^^^^^^^^^^^^^^^
NameError: name 'PROTOCOL_PROMPT' is not defined
2025-05-08 17:12:53,162 INFO Получен документ от 174171680: transcript_2025-05-08_17-02.txt
2025-05-08 17:12:53,344 INFO Сохраняю файл по пути: storage\transcripts\174171680\transcript_c09fb20a-1d21-4813-b4d5-cac533f6da38.txt
2025-05-08 17:12:53,346 INFO Файл успешно обработан, отправляю сообщение пользователю
2025-05-08 17:14:25,712 INFO User 174171680 returned to main menu.
2025-05-08 17:14:34,003 INFO Получен документ от 174171680: tmp07yoh47c.txt
2025-05-08 17:14:34,221 INFO Сохраняю файл по пути: storage\transcripts\174171680\transcript_e4004137-9547-47e3-b587-fa9cf8223803.txt
2025-05-08 17:14:34,223 INFO Файл успешно обработан, отправляю сообщение пользователю
2025-05-08 17:14:36,317 INFO Текст для сводки: ---
## 🗓 Рабочая встреча
**Формат:** Онлайн
**Участники:**
– Марат Толкатович (Руководитель), – Анастасия (Модератор)
### 🔹 Обсуждение результатов первого квартала
**Анастасия:** Спасибо, Марат. Перед...
2025-05-08 17:14:49,380 INFO GPT summary: # Сводка встречи для топ-менеджмента
## Дата: [Указать дату встречи]
## Формат: Онлайн
## Участники: Марат Толкатович (Руководитель), Анастасия (Модератор)
### Обсуждение результатов первого квартала
...
2025-05-12 13:57:12,639 INFO [transcribe_audio] Старт обработки для user_id=174171680
2025-05-12 13:57:53,542 INFO [transcribe_audio] Старт обработки для user_id=174171680
2025-05-12 13:57:53,544 INFO [transcribe_audio] Состояние не audio_transcribe, выход
2025-05-12 13:58:28,655 INFO [transcribe_audio] Старт обработки для user_id=174171680
2025-05-12 13:58:55,757 INFO [transcribe_audio] Старт обработки для user_id=174171680
2025-05-12 13:58:55,759 INFO [transcribe_audio] Состояние не audio_transcribe, выход
2025-05-12 14:02:20,545 INFO [transcribe_audio] Старт обработки для user_id=174171680
2025-05-12 14:04:18,509 INFO [transcribe_audio] RAW message: {'content_type': 'voice', 'id': 7877, 'message_id': 7877, 'from_user': {'id': 174171680, 'is_bot': False, 'first_name': 'Sergey', 'username': 'sergey_sh_ast', 'last_name': 'Shmagin', 'language_code': 'ru', 'can_join_groups': None, 'can_read_all_group_messages': None, 'supports_inline_queries': None, 'is_premium': True, 'added_to_attachment_menu': None, 'can_connect_to_business': None, 'has_main_web_app': None}, 'date': 1747040651, 'chat': {'id': 174171680, 'type': 'private', 'title': None, 'username': 'sergey_sh_ast', 'first_name': 'Sergey', 'last_name': 'Shmagin', 'is_forum': None, 'max_reaction_count': None, 'photo': None, 'bio': None, 'join_to_send_messages': None, 'join_by_request': None, 'has_private_forwards': None, 'has_restricted_voice_and_video_messages': None, 'description': None, 'invite_link': None, 'pinned_message': None, 'permissions': None, 'slow_mode_delay': None, 'message_auto_delete_time': None, 'has_protected_content': None, 'sticker_set_name': None, 'can_set_sticker_set': None, 'linked_chat_id': None, 'location': None, 'active_usernames': None, 'emoji_status_custom_emoji_id': None, 'has_hidden_members': None, 'has_aggressive_anti_spam_enabled': None, 'emoji_status_expiration_date': None, 'available_reactions': None, 'accent_color_id': None, 'background_custom_emoji_id': None, 'profile_accent_color_id': None, 'profile_background_custom_emoji_id': None, 'has_visible_history': None, 'unrestrict_boost_count': None, 'custom_emoji_sticker_set_name': None, 'business_intro': None, 'business_location': None, 'business_opening_hours': None, 'personal_chat': None, 'birthdate': None, 'can_send_paid_media': None}, 'sender_chat': None, 'is_automatic_forward': None, 'reply_to_message': None, 'via_bot': None, 'edit_date': None, 'has_protected_content': None, 'media_group_id': None, 'author_signature': None, 'text': None, 'entities': None, 'caption_entities': None, 'audio': None, 'document': None, 'photo': None, 'sticker': None, 'video': None, 'video_note': None, 'voice': {'file_id': 'AwACAgIAAxkBAAIewWghuRVlPF9MdeDvjR3keXONemb-AAIEbgACNBUISW5fqXuy2bzuNgQ', 'file_unique_id': 'AgADBG4AAjQVCEk', 'duration': 355, 'performer': None, 'title': None, 'file_name': None, 'mime_type': 'audio/mpeg', 'file_size': 2954240, 'thumbnail': None}, 'caption': None, 'contact': None, 'location': None, 'venue': None, 'animation': None, 'dice': None, 'new_chat_members': None, 'left_chat_member': None, 'new_chat_title': None, 'new_chat_photo': None, 'delete_chat_photo': None, 'group_chat_created': None, 'supergroup_chat_created': None, 'channel_chat_created': None, 'migrate_to_chat_id': None, 'migrate_from_chat_id': None, 'pinned_message': None, 'invoice': None, 'successful_payment': None, 'connected_website': None, 'reply_markup': None, 'message_thread_id': None, 'is_topic_message': None, 'chat_background_set': None, 'forum_topic_created': None, 'forum_topic_closed': None, 'forum_topic_reopened': None, 'has_media_spoiler': None, 'forum_topic_edited': None, 'general_forum_topic_hidden': None, 'general_forum_topic_unhidden': None, 'write_access_allowed': None, 'users_shared': None, 'chat_shared': None, 'story': None, 'external_reply': None, 'quote': None, 'link_preview_options': None, 'giveaway_created': None, 'giveaway': None, 'giveaway_winners': None, 'giveaway_completed': None, 'forward_origin': {'type': 'user', 'date': 1747040533, 'sender_user': <telebot.types.User object at 0x0000022D698EEFD0>}, 'boost_added': None, 'sender_boost_count': None, 'reply_to_story': None, 'sender_business_bot': None, 'business_connection_id': None, 'is_from_offline': None, 'effect_id': None, 'show_caption_above_media': None, 'paid_media': None, 'refunded_payment': None, 'proximity_alert_triggered': None, 'video_chat_scheduled': None, 'video_chat_started': None, 'video_chat_ended': None, 'video_chat_participants_invited': None, 'web_app_data': None, 'message_auto_delete_timer_changed': None, 'json': {'message_id': 7877, 'from': {'id': 174171680, 'is_bot': False, 'first_name': 'Sergey', 'last_name': 'Shmagin', 'username': 'sergey_sh_ast', 'language_code': 'ru', 'is_premium': True}, 'chat': {'id': 174171680, 'first_name': 'Sergey', 'last_name': 'Shmagin', 'username': 'sergey_sh_ast', 'type': 'private'}, 'date': 1747040651, 'forward_origin': {'type': 'user', 'sender_user': {'id': 174171680, 'is_bot': False, 'first_name': 'Sergey', 'last_name': 'Shmagin', 'username': 'sergey_sh_ast', 'language_code': 'ru', 'is_premium': True}, 'date': 1747040533}, 'forward_from': {'id': 174171680, 'is_bot': False, 'first_name': 'Sergey', 'last_name': 'Shmagin', 'username': 'sergey_sh_ast', 'language_code': 'ru', 'is_premium': True}, 'forward_date': 1747040533, 'voice': {'duration': 355, 'mime_type': 'audio/mpeg', 'file_id': 'AwACAgIAAxkBAAIewWghuRVlPF9MdeDvjR3keXONemb-AAIEbgACNBUISW5fqXuy2bzuNgQ', 'file_unique_id': 'AgADBG4AAjQVCEk', 'file_size': 2954240}}}
2025-05-12 14:04:18,510 INFO [transcribe_audio] Старт обработки для user_id=174171680
2025-05-12 14:04:20,116 INFO [transcribe_audio] message.voice: {'file_id': 'AwACAgIAAxkBAAIewWghuRVlPF9MdeDvjR3keXONemb-AAIEbgACNBUISW5fqXuy2bzuNgQ', 'file_unique_id': 'AgADBG4AAjQVCEk', 'duration': 355, 'performer': None, 'title': None, 'file_name': None, 'mime_type': 'audio/mpeg', 'file_size': 2954240, 'thumbnail': None}, message.audio: None
2025-05-12 14:04:20,117 INFO [transcribe_audio] file_id: AwACAgIAAxkBAAIewWghuRVlPF9MdeDvjR3keXONemb-AAIEbgACNBUISW5fqXuy2bzuNgQ
2025-05-12 14:04:20,117 INFO [transcribe_audio] ext: .ogg
2025-05-12 14:08:19,474 INFO [transcribe_audio] RAW message: {'content_type': 'voice', 'id': 7881, 'message_id': 7881, 'from_user': {'id': 174171680, 'is_bot': False, 'first_name': 'Sergey', 'username': 'sergey_sh_ast', 'last_name': 'Shmagin', 'language_code': 'ru', 'can_join_groups': None, 'can_read_all_group_messages': None, 'supports_inline_queries': None, 'is_premium': True, 'added_to_attachment_menu': None, 'can_connect_to_business': None, 'has_main_web_app': None}, 'date': 1747040893, 'chat': {'id': 174171680, 'type': 'private', 'title': None, 'username': 'sergey_sh_ast', 'first_name': 'Sergey', 'last_name': 'Shmagin', 'is_forum': None, 'max_reaction_count': None, 'photo': None, 'bio': None, 'join_to_send_messages': None, 'join_by_request': None, 'has_private_forwards': None, 'has_restricted_voice_and_video_messages': None, 'description': None, 'invite_link': None, 'pinned_message': None, 'permissions': None, 'slow_mode_delay': None, 'message_auto_delete_time': None, 'has_protected_content': None, 'sticker_set_name': None, 'can_set_sticker_set': None, 'linked_chat_id': None, 'location': None, 'active_usernames': None, 'emoji_status_custom_emoji_id': None, 'has_hidden_members': None, 'has_aggressive_anti_spam_enabled': None, 'emoji_status_expiration_date': None, 'available_reactions': None, 'accent_color_id': None, 'background_custom_emoji_id': None, 'profile_accent_color_id': None, 'profile_background_custom_emoji_id': None, 'has_visible_history': None, 'unrestrict_boost_count': None, 'custom_emoji_sticker_set_name': None, 'business_intro': None, 'business_location': None, 'business_opening_hours': None, 'personal_chat': None, 'birthdate': None, 'can_send_paid_media': None}, 'sender_chat': None, 'is_automatic_forward': None, 'reply_to_message': None, 'via_bot': None, 'edit_date': None, 'has_protected_content': None, 'media_group_id': None, 'author_signature': None, 'text': None, 'entities': None, 'caption_entities': None, 'audio': None, 'document': None, 'photo': None, 'sticker': None, 'video': None, 'video_note': None, 'voice': {'file_id': 'AwACAgIAAxkBAAIewWghuRVlPF9MdeDvjR3keXONemb-AAIEbgACNBUISW5fqXuy2bzuNgQ', 'file_unique_id': 'AgADBG4AAjQVCEk', 'duration': 355, 'performer': None, 'title': None, 'file_name': None, 'mime_type': 'audio/mpeg', 'file_size': 2954240, 'thumbnail': None}, 'caption': None, 'contact': None, 'location': None, 'venue': None, 'animation': None, 'dice': None, 'new_chat_members': None, 'left_chat_member': None, 'new_chat_title': None, 'new_chat_photo': None, 'delete_chat_photo': None, 'group_chat_created': None, 'supergroup_chat_created': None, 'channel_chat_created': None, 'migrate_to_chat_id': None, 'migrate_from_chat_id': None, 'pinned_message': None, 'invoice': None, 'successful_payment': None, 'connected_website': None, 'reply_markup': None, 'message_thread_id': None, 'is_topic_message': None, 'chat_background_set': None, 'forum_topic_created': None, 'forum_topic_closed': None, 'forum_topic_reopened': None, 'has_media_spoiler': None, 'forum_topic_edited': None, 'general_forum_topic_hidden': None, 'general_forum_topic_unhidden': None, 'write_access_allowed': None, 'users_shared': None, 'chat_shared': None, 'story': None, 'external_reply': None, 'quote': None, 'link_preview_options': None, 'giveaway_created': None, 'giveaway': None, 'giveaway_winners': None, 'giveaway_completed': None, 'forward_origin': {'type': 'user', 'date': 1747040533, 'sender_user': <telebot.types.User object at 0x0000014DDCB3B230>}, 'boost_added': None, 'sender_boost_count': None, 'reply_to_story': None, 'sender_business_bot': None, 'business_connection_id': None, 'is_from_offline': None, 'effect_id': None, 'show_caption_above_media': None, 'paid_media': None, 'refunded_payment': None, 'proximity_alert_triggered': None, 'video_chat_scheduled': None, 'video_chat_started': None, 'video_chat_ended': None, 'video_chat_participants_invited': None, 'web_app_data': None, 'message_auto_delete_timer_changed': None, 'json': {'message_id': 7881, 'from': {'id': 174171680, 'is_bot': False, 'first_name': 'Sergey', 'last_name': 'Shmagin', 'username': 'sergey_sh_ast', 'language_code': 'ru', 'is_premium': True}, 'chat': {'id': 174171680, 'first_name': 'Sergey', 'last_name': 'Shmagin', 'username': 'sergey_sh_ast', 'type': 'private'}, 'date': 1747040893, 'forward_origin': {'type': 'user', 'sender_user': {'id': 174171680, 'is_bot': False, 'first_name': 'Sergey', 'last_name': 'Shmagin', 'username': 'sergey_sh_ast', 'language_code': 'ru', 'is_premium': True}, 'date': 1747040533}, 'forward_from': {'id': 174171680, 'is_bot': False, 'first_name': 'Sergey', 'last_name': 'Shmagin', 'username': 'sergey_sh_ast', 'language_code': 'ru', 'is_premium': True}, 'forward_date': 1747040533, 'voice': {'duration': 355, 'mime_type': 'audio/mpeg', 'file_id': 'AwACAgIAAxkBAAIewWghuRVlPF9MdeDvjR3keXONemb-AAIEbgACNBUISW5fqXuy2bzuNgQ', 'file_unique_id': 'AgADBG4AAjQVCEk', 'file_size': 2954240}}}
2025-05-12 14:08:19,475 INFO [transcribe_audio] Старт обработки для user_id=174171680
2025-05-12 14:08:19,758 INFO [transcribe_audio] message.voice: {'file_id': 'AwACAgIAAxkBAAIewWghuRVlPF9MdeDvjR3keXONemb-AAIEbgACNBUISW5fqXuy2bzuNgQ', 'file_unique_id': 'AgADBG4AAjQVCEk', 'duration': 355, 'performer': None, 'title': None, 'file_name': None, 'mime_type': 'audio/mpeg', 'file_size': 2954240, 'thumbnail': None}, message.audio: None
2025-05-12 14:08:19,758 INFO [transcribe_audio] file_id: AwACAgIAAxkBAAIewWghuRVlPF9MdeDvjR3keXONemb-AAIEbgACNBUISW5fqXuy2bzuNgQ
2025-05-12 14:08:19,759 INFO [transcribe_audio] ext: .ogg
2025-05-12 14:08:24,087 INFO [transcribe_audio] Сохранили файл: storage\1747040899.760814.ogg
2025-05-12 14:08:25,230 INFO [transcribe_audio] Проверка формата: True
2025-05-12 14:08:28,679 INFO [transcribe_audio] Конвертация в mp3: storage\1747040899.760814.mp3
2025-05-12 14:08:28,680 INFO [transcribe_audio] Размер файла: 2848333
2025-05-12 14:08:28,792 INFO [transcribe_audio] progress_msg отправлен: {'content_type': 'text', 'id': 7883, 'message_id': 7883, 'from_user': {'id': 8063965284, 'is_bot': True, 'first_name': 'AI-ша бот', 'username': 'KAZAI_Aisha_bot', 'last_name': None, 'language_code': None, 'can_join_groups': None, 'can_read_all_group_messages': None, 'supports_inline_queries': None, 'is_premium': None, 'added_to_attachment_menu': None, 'can_connect_to_business': None, 'has_main_web_app': None}, 'date': 1747040902, 'chat': {'id': 174171680, 'type': 'private', 'title': None, 'username': 'sergey_sh_ast', 'first_name': 'Sergey', 'last_name': 'Shmagin', 'is_forum': None, 'max_reaction_count': None, 'photo': None, 'bio': None, 'join_to_send_messages': None, 'join_by_request': None, 'has_private_forwards': None, 'has_restricted_voice_and_video_messages': None, 'description': None, 'invite_link': None, 'pinned_message': None, 'permissions': None, 'slow_mode_delay': None, 'message_auto_delete_time': None, 'has_protected_content': None, 'sticker_set_name': None, 'can_set_sticker_set': None, 'linked_chat_id': None, 'location': None, 'active_usernames': None, 'emoji_status_custom_emoji_id': None, 'has_hidden_members': None, 'has_aggressive_anti_spam_enabled': None, 'emoji_status_expiration_date': None, 'available_reactions': None, 'accent_color_id': None, 'background_custom_emoji_id': None, 'profile_accent_color_id': None, 'profile_background_custom_emoji_id': None, 'has_visible_history': None, 'unrestrict_boost_count': None, 'custom_emoji_sticker_set_name': None, 'business_intro': None, 'business_location': None, 'business_opening_hours': None, 'personal_chat': None, 'birthdate': None, 'can_send_paid_media': None}, 'sender_chat': None, 'is_automatic_forward': None, 'reply_to_message': None, 'via_bot': None, 'edit_date': None, 'has_protected_content': None, 'media_group_id': None, 'author_signature': None, 'text': '⏳ Обработка аудиофайла...\nОжидаемое время: ~1 мин.', 'entities': None, 'caption_entities': None, 'audio': None, 'document': None, 'photo': None, 'sticker': None, 'video': None, 'video_note': None, 'voice': None, 'caption': None, 'contact': None, 'location': None, 'venue': None, 'animation': None, 'dice': None, 'new_chat_members': None, 'left_chat_member': None, 'new_chat_title': None, 'new_chat_photo': None, 'delete_chat_photo': None, 'group_chat_created': None, 'supergroup_chat_created': None, 'channel_chat_created': None, 'migrate_to_chat_id': None, 'migrate_from_chat_id': None, 'pinned_message': None, 'invoice': None, 'successful_payment': None, 'connected_website': None, 'reply_markup': None, 'message_thread_id': None, 'is_topic_message': None, 'chat_background_set': None, 'forum_topic_created': None, 'forum_topic_closed': None, 'forum_topic_reopened': None, 'has_media_spoiler': None, 'forum_topic_edited': None, 'general_forum_topic_hidden': None, 'general_forum_topic_unhidden': None, 'write_access_allowed': None, 'users_shared': None, 'chat_shared': None, 'story': None, 'external_reply': None, 'quote': None, 'link_preview_options': None, 'giveaway_created': None, 'giveaway': None, 'giveaway_winners': None, 'giveaway_completed': None, 'forward_origin': None, 'boost_added': None, 'sender_boost_count': None, 'reply_to_story': None, 'sender_business_bot': None, 'business_connection_id': None, 'is_from_offline': None, 'effect_id': None, 'show_caption_above_media': None, 'paid_media': None, 'refunded_payment': None, 'proximity_alert_triggered': None, 'video_chat_scheduled': None, 'video_chat_started': None, 'video_chat_ended': None, 'video_chat_participants_invited': None, 'web_app_data': None, 'message_auto_delete_timer_changed': None, 'json': {'message_id': 7883, 'from': {'id': 8063965284, 'is_bot': True, 'first_name': 'AI-ша бот', 'username': 'KAZAI_Aisha_bot'}, 'chat': {'id': 174171680, 'first_name': 'Sergey', 'last_name': 'Shmagin', 'username': 'sergey_sh_ast', 'type': 'private'}, 'date': 1747040902, 'text': '⏳ Обработка аудиофайла...\nОжидаемое время: ~1 мин.'}}
2025-05-12 14:08:28,901 INFO [transcribe_audio] Перед вызовом whisper_transcribe: storage\1747040899.760814.mp3
2025-05-12 14:08:45,709 INFO [transcribe_audio] Расшифровка завершена, длина текста: 3789
2025-05-12 14:08:45,972 ERROR [transcribe_audio] Ошибка при расшифровке: add_history_entry() takes 4 positional arguments but 5 were given
Traceback (most recent call last):
  File "D:\Dev\work\Aisha_bot_new\frontend_bot\handlers\transcribe.py", line 231, in transcribe_audio
    await add_history_entry(
          ~~~~~~~~~~~~~~~~~^
        str(user_id), transcript_path, "audio", "transcript", HISTORY_FILE
        ^^^^^^^^^^^^^^^^^^^^^^^^^^^^^^^^^^^^^^^^^^^^^^^^^^^^^^^^^^^^^^^^^^
    )
    ^
TypeError: add_history_entry() takes 4 positional arguments but 5 were given
2025-05-12 14:09:01,416 INFO Текст для сводки: Потому что такие большие результаты нужно не только совершать, но и отмечать вместе. И первое слово я хочу передать Марату Толкатовичу. Он расскажет нам про ключевые результаты за первую кварту, а так...
2025-05-12 14:09:25,277 INFO GPT summary: ### Сводка встречи для топ-менеджмента
**Дата:** [Указать дату встречи]
**Участники:** [Указать участников]
**Докладчик:** Марат Толкатович
#### 1. Ключевые результаты за первый квартал 2024 года
- - ...
2025-05-12 15:05:36,080 INFO Получен документ от 174171680: transcript_174171680_2025-05-12_15-02.txt
2025-05-12 15:05:36,280 INFO Сохраняю файл по пути: storage\transcripts\174171680\transcript_065f578c-75fd-4a42-a023-066227567dfb.txt
2025-05-12 15:05:36,282 INFO Файл успешно обработан, отправляю сообщение пользователю
2025-05-12 15:15:50,302 INFO Получен документ от 174171680: transcript_174171680_2025-05-12_15-02.txt
2025-05-12 15:15:50,481 INFO Сохраняю файл по пути: storage\transcripts\174171680\transcript_2acf58c8-e40f-4b91-bf62-df70f6ccb71c.txt
2025-05-12 15:15:50,483 INFO Файл успешно обработан, отправляю сообщение пользователю
2025-05-12 15:16:14,910 INFO GPT protocol_text: **Муниципальное бюджетное учреждение**
[Уточнить название]
**Протокол заседания рабочей группы по [уточнить тему]**
[Дата]
**Рабочая группа в составе:**
- - Председатель — [ФИО]
- - Секретарь — [ФИО]
...
2025-05-12 15:20:40,676 INFO Получен документ от 174171680: transcript_174171680_2025-05-12_15-02.txt
2025-05-12 15:20:40,857 INFO Сохраняю файл по пути: storage\transcripts\174171680\transcript_c74b1d50-31e0-4c05-baec-fc478e7aa57d.txt
2025-05-12 15:20:40,858 INFO Файл успешно обработан, отправляю сообщение пользователю
2025-05-12 15:21:37,668 INFO GPT protocol_text: **Муниципальное бюджетное учреждение**
[Уточнить название]
**Протокол заседания рабочей группы по [уточнить тему]**
[Дата]
**Рабочая группа в составе:**
- - Председатель — [ФИО]
- - Секретарь — [ФИО]
...
2025-05-12 15:31:02,708 INFO Получен документ от 174171680: transcript_174171680_2025-05-12_15-02.txt
2025-05-12 15:31:02,893 INFO Сохраняю файл по пути: storage\transcripts\174171680\transcript_c1ffde30-cba9-44b5-a8a5-e6f8e1eb1f0a.txt
2025-05-12 15:31:02,896 INFO Файл успешно обработан, отправляю сообщение пользователю
2025-05-12 15:32:23,553 INFO Получен документ от 174171680: transcript_174171680_2025-05-12_15-02.txt
2025-05-12 15:32:23,738 INFO Сохраняю файл по пути: storage\transcripts\174171680\transcript_0c9b84e7-c00d-4e83-9f98-d72fb3d74484.txt
2025-05-12 15:32:23,740 INFO Файл успешно обработан, отправляю сообщение пользователю
2025-05-12 15:32:43,553 INFO GPT protocol_text: **Муниципальное бюджетное учреждение**
[Уточнить название]
**Протокол заседания рабочей группы по [уточнить тему]**
[Дата]
**Рабочая группа в составе:**
- - Председатель — [ФИО]
- - Секретарь — [ФИО]
...
2025-05-12 15:36:22,594 INFO Получен документ от 174171680: transcript_174171680_2025-05-12_15-02.txt
2025-05-12 15:36:22,766 INFO Сохраняю файл по пути: storage\transcripts\174171680\transcript_b269cc7d-0275-4f32-8b3f-215bb71c0acb.txt
2025-05-12 15:36:22,768 INFO Файл успешно обработан, отправляю сообщение пользователю
2025-05-12 15:37:15,610 INFO GPT protocol_text: **Муниципальное бюджетное учреждение**
[Уточнить название]
**Протокол заседания рабочей группы по [уточнить тему]**
[Дата]
**Рабочая группа в составе:**
- - Председатель — [ФИО]
- - Секретарь — [ФИО]
...
2025-05-12 15:40:37,590 INFO Получен документ от 174171680: transcript_174171680_2025-05-12_15-02.txt
2025-05-12 15:40:37,784 INFO Сохраняю файл по пути: storage\transcripts\174171680\transcript_9dc555fe-4420-414e-88cf-5d70e5b8752b.txt
2025-05-12 15:40:37,787 INFO Файл успешно обработан, отправляю сообщение пользователю
2025-05-12 15:43:59,036 INFO Получен документ от 174171680: transcript_174171680_2025-05-12_15-02.txt
2025-05-12 15:43:59,216 INFO Сохраняю файл по пути: storage\transcripts\174171680\transcript_a8187b8f-10db-423c-b546-0aaea30dad01.txt
2025-05-12 15:43:59,218 INFO Файл успешно обработан, отправляю сообщение пользователю
2025-05-12 15:46:33,914 INFO GPT protocol_text: **Муниципальное бюджетное учреждение**
[Уточнить название]
**Протокол заседания рабочей группы по [уточнить тему]**
[Дата]
**Рабочая группа в составе:**
- - Председатель — [ФИО]
- - Секретарь — [ФИО]
...
2025-05-12 16:25:50,668 INFO Получен документ от 174171680: transcript_174171680_2025-05-12_15-02.txt
2025-05-12 16:25:50,846 INFO Сохраняю файл по пути: storage\transcripts\174171680\transcript_d7514626-8c49-4d3a-96d3-04dee6eeb547.txt
2025-05-12 16:25:50,848 INFO Файл успешно обработан, отправляю сообщение пользователю
2025-05-12 16:28:14,289 INFO GPT protocol_text: **Муниципальное бюджетное учреждение**
[Уточнить название]
**Протокол заседания рабочей группы по [уточнить тему]**
[Дата]
**Рабочая группа в составе:**
- - Председатель — [ФИО]
- - Секретарь — [ФИО]
...
2025-05-12 16:29:05,641 INFO Получен документ от 174171680: transcript_174171680_2025-05-12_15-02.txt
2025-05-12 16:29:05,831 INFO Сохраняю файл по пути: storage\transcripts\174171680\transcript_07967c18-df5b-410c-abf3-8a87a10c0784.txt
2025-05-12 16:29:05,833 INFO Файл успешно обработан, отправляю сообщение пользователю
2025-05-13 13:23:52,805 INFO Получен документ от 174171680: transcript_174171680_2025-05-12_18-45.txt
2025-05-13 13:23:53,096 INFO Сохраняю файл по пути: storage\transcripts\174171680\transcript_21b7721b-cd2d-4edf-b668-8d552661d5b9.txt
2025-05-13 13:23:53,101 INFO Файл успешно обработан, отправляю сообщение пользователю
2025-05-13 18:27:04,303 INFO Получен документ от 174171680: transcript_174171680_2025-05-13_18-10.txt
2025-05-13 18:27:04,485 INFO Сохраняю файл по пути: storage\transcripts\174171680\transcript_4a23ac11-70a2-4ade-af04-2bd7adca1b4e.txt
2025-05-13 18:27:04,493 INFO Файл успешно обработан, отправляю сообщение пользователю
